<?xml version="1.0" encoding="UTF-8"?>
<!-- Generated by org.testng.reporters.JUnitXMLReporter -->
<testsuite hostname="Raymonds-iMac.attlocal.net" ignored="0" name="Test" tests="2" failures="2" timestamp="2020-04-21T00:48:24 EDT" time="0.074" errors="0">
  <testcase name="check" time="0.02" classname="websites.CheckboxesTest">
    <failure type="java.lang.NullPointerException">
      <![CDATA[java.lang.NullPointerException
at websites.CheckboxesTest.check(CheckboxesTest.java:17)
at java.util.ArrayList.forEach(ArrayList.java:1257)
... Removed 31 stack frames]]>
    </failure>
  </testcase> <!-- check -->
  <testcase name="check" time="0.058" classname="websites.CheckboxesTest">
    <failure type="java.lang.NullPointerException">
      <![CDATA[java.lang.NullPointerException
at factories.WebDriverFactory.getScreenshot(WebDriverFactory.java:57)
at websites.Listeners.onTestFailure(Listeners.java:40)
at java.util.ArrayList.forEach(ArrayList.java:1257)
... Removed 28 stack frames]]>
    </failure>
  </testcase> <!-- check -->
</testsuite> <!-- Test -->
