<?xml version="1.0" encoding="UTF-8"?>
<testng-results skipped="0" failed="0" ignored="0" total="1" passed="1">
  <reporter-output>
  </reporter-output>
  <suite name="Default suite" duration-ms="81863" started-at="2020-05-14T13:00:15 EDT" finished-at="2020-05-14T13:01:37 EDT">
    <groups>
    </groups>
    <test name="Default test" duration-ms="81863" started-at="2020-05-14T13:00:15 EDT" finished-at="2020-05-14T13:01:37 EDT">
      <class name="websites.AutoSuggestiveTest">
        <test-method status="PASS" signature="autoSugg()[pri:0, instance:websites.AutoSuggestiveTest@26aa12dd]" name="autoSugg" duration-ms="81734" started-at="2020-05-14T13:00:15 EDT" finished-at="2020-05-14T13:01:37 EDT">
          <reporter-output>
          </reporter-output>
        </test-method> <!-- autoSugg -->
      </class> <!-- websites.AutoSuggestiveTest -->
    </test> <!-- Default test -->
  </suite> <!-- Default suite -->
</testng-results>
